<?xml version="1.0" encoding="UTF-8"?>
<!-- Generated by org.testng.reporters.JUnitReportReporter -->
<testsuite skipped="0" hostname="LAPTOP-QBSR5NQJ" name="runner.TestRunner" tests="9" failures="0" timestamp="31 Jan 2023 13:30:48 GMT" time="61.217" errors="0">
  <testcase name="runScenario" time="8.818" classname="runner.TestRunner"/>
  <testcase name="runScenario" time="1.891" classname="runner.TestRunner"/>
  <testcase name="runScenario" time="1.538" classname="runner.TestRunner"/>
  <testcase name="runScenario" time="5.925" classname="runner.TestRunner"/>
  <testcase name="runScenario" time="23.653" classname="runner.TestRunner"/>
  <testcase name="runScenario" time="7.004" classname="runner.TestRunner"/>
  <testcase name="runScenario" time="0.538" classname="runner.TestRunner"/>
  <testcase name="runScenario" time="5.744" classname="runner.TestRunner"/>
  <testcase name="runScenario" time="6.106" classname="runner.TestRunner"/>
</testsuite> <!-- runner.TestRunner -->
